<?xml version="1.0" encoding="UTF-8"?>
<testng-results skipped="0" failed="0" ignored="0" total="1" passed="1">
  <reporter-output>
  </reporter-output>
  <suite name="Surefire suite" duration-ms="39897" started-at="2020-08-07T23:18:51 IST" finished-at="2020-08-07T23:19:31 IST">
    <groups>
    </groups>
    <test name="Surefire test" duration-ms="39897" started-at="2020-08-07T23:18:51 IST" finished-at="2020-08-07T23:19:31 IST">
      <class name="com.automation.practice.AutomationPractice">
        <test-method status="PASS" signature="test()" name="test" duration-ms="39798" started-at="2020-08-07T23:18:51 IST" finished-at="2020-08-07T23:19:31 IST">
          <reporter-output>
          </reporter-output>
        </test-method> <!-- test -->
      </class> <!-- com.automation.practice.AutomationPractice -->
    </test> <!-- Surefire test -->
  </suite> <!-- Surefire suite -->
</testng-results>
