<?xml version="1.0" encoding="UTF-8"?>
<testng-results skipped="0" failed="0" ignored="0" total="1" passed="1">
  <reporter-output>
  </reporter-output>
  <suite name="Default suite" duration-ms="2656" started-at="2020-08-30T09:51:57 IST" finished-at="2020-08-30T09:52:00 IST">
    <groups>
    </groups>
    <test name="Default test" duration-ms="2656" started-at="2020-08-30T09:51:57 IST" finished-at="2020-08-30T09:52:00 IST">
      <class name="com.automation.practice.AutomationPractice">
        <test-method status="PASS" signature="test()[pri:0, instance:com.automation.practice.AutomationPractice@4973813a]" name="test" duration-ms="2618" started-at="2020-08-30T09:51:57 IST" finished-at="2020-08-30T09:52:00 IST">
          <reporter-output>
          </reporter-output>
        </test-method> <!-- test -->
      </class> <!-- com.automation.practice.AutomationPractice -->
    </test> <!-- Default test -->
  </suite> <!-- Default suite -->
</testng-results>
